<?xml version="1.0" encoding="UTF-8"?>
<testng-results ignored="0" total="5" passed="5" failed="0" skipped="0">
  <reporter-output>
  </reporter-output>
  <suite started-at="2024-05-24T18:34:49 IST" name="Suite" finished-at="2024-05-24T18:34:49 IST" duration-ms="102">
    <groups>
    </groups>
    <test started-at="2024-05-24T18:34:49 IST" name="Test" finished-at="2024-05-24T18:34:49 IST" duration-ms="102">
      <class name="practice_Automation.My_First_Testcase">
        <test-method is-config="true" signature="BeforeSuite()[pri:0, instance:practice_Automation.My_First_Testcase@14028087]" started-at="2024-05-24T18:34:49 IST" name="BeforeSuite" finished-at="2024-05-24T18:34:49 IST" duration-ms="163" status="PASS">
          <reporter-output>
          </reporter-output>
        </test-method> <!-- BeforeSuite -->
        <test-method is-config="true" signature="TestCase_1()[pri:0, instance:practice_Automation.My_First_Testcase@14028087]" started-at="2024-05-24T18:34:49 IST" name="TestCase_1" finished-at="2024-05-24T18:34:49 IST" duration-ms="0" status="PASS">
          <reporter-output>
          </reporter-output>
        </test-method> <!-- TestCase_1 -->
        <test-method is-config="true" signature="TestCase1()[pri:0, instance:practice_Automation.My_First_Testcase@14028087]" started-at="2024-05-24T18:34:49 IST" name="TestCase1" finished-at="2024-05-24T18:34:49 IST" duration-ms="1" status="PASS">
          <reporter-output>
          </reporter-output>
        </test-method> <!-- TestCase1 -->
        <test-method signature="TestCase3()[pri:1, instance:practice_Automation.My_First_Testcase@14028087]" started-at="2024-05-24T18:34:49 IST" name="TestCase3" finished-at="2024-05-24T18:34:49 IST" duration-ms="20" status="PASS">
          <reporter-output>
          </reporter-output>
        </test-method> <!-- TestCase3 -->
        <test-method is-config="true" signature="TestCase4()[pri:0, instance:practice_Automation.My_First_Testcase@14028087]" started-at="2024-05-24T18:34:49 IST" name="TestCase4" finished-at="2024-05-24T18:34:49 IST" duration-ms="1" status="PASS">
          <reporter-output>
          </reporter-output>
        </test-method> <!-- TestCase4 -->
        <test-method is-config="true" signature="TestCase1()[pri:0, instance:practice_Automation.My_First_Testcase@14028087]" started-at="2024-05-24T18:34:49 IST" name="TestCase1" finished-at="2024-05-24T18:34:49 IST" duration-ms="1" status="PASS">
          <reporter-output>
          </reporter-output>
        </test-method> <!-- TestCase1 -->
        <test-method signature="TestCase2()[pri:2, instance:practice_Automation.My_First_Testcase@14028087]" started-at="2024-05-24T18:34:49 IST" name="TestCase2" finished-at="2024-05-24T18:34:49 IST" duration-ms="2" status="PASS">
          <reporter-output>
          </reporter-output>
        </test-method> <!-- TestCase2 -->
        <test-method is-config="true" signature="TestCase4()[pri:0, instance:practice_Automation.My_First_Testcase@14028087]" started-at="2024-05-24T18:34:49 IST" name="TestCase4" finished-at="2024-05-24T18:34:49 IST" duration-ms="1" status="PASS">
          <reporter-output>
          </reporter-output>
        </test-method> <!-- TestCase4 -->
        <test-method is-config="true" signature="TestCase1()[pri:0, instance:practice_Automation.My_First_Testcase@14028087]" started-at="2024-05-24T18:34:49 IST" name="TestCase1" finished-at="2024-05-24T18:34:49 IST" duration-ms="1" status="PASS">
          <reporter-output>
          </reporter-output>
        </test-method> <!-- TestCase1 -->
        <test-method signature="TestCase5()[pri:3, instance:practice_Automation.My_First_Testcase@14028087]" started-at="2024-05-24T18:34:49 IST" name="TestCase5" finished-at="2024-05-24T18:34:49 IST" duration-ms="3" status="PASS">
          <reporter-output>
          </reporter-output>
        </test-method> <!-- TestCase5 -->
        <test-method is-config="true" signature="TestCase4()[pri:0, instance:practice_Automation.My_First_Testcase@14028087]" started-at="2024-05-24T18:34:49 IST" name="TestCase4" finished-at="2024-05-24T18:34:49 IST" duration-ms="1" status="PASS">
          <reporter-output>
          </reporter-output>
        </test-method> <!-- TestCase4 -->
        <test-method is-config="true" signature="TestCase_2()[pri:0, instance:practice_Automation.My_First_Testcase@14028087]" started-at="2024-05-24T18:34:49 IST" name="TestCase_2" finished-at="2024-05-24T18:34:49 IST" duration-ms="1" status="PASS">
          <reporter-output>
          </reporter-output>
        </test-method> <!-- TestCase_2 -->
        <test-method is-config="true" signature="TestCase_3()[pri:0, instance:practice_Automation.My_First_Testcase@14028087]" started-at="2024-05-24T18:34:49 IST" name="TestCase_3" finished-at="2024-05-24T18:34:49 IST" duration-ms="347" status="PASS">
          <reporter-output>
          </reporter-output>
        </test-method> <!-- TestCase_3 -->
      </class> <!-- practice_Automation.My_First_Testcase -->
      <class name="practice_Automation.My_Second_Testcase">
        <test-method signature="TestCase_1()[pri:0, instance:practice_Automation.My_Second_Testcase@7e057f43]" started-at="2024-05-24T18:34:49 IST" name="TestCase_1" finished-at="2024-05-24T18:34:49 IST" duration-ms="3" status="PASS">
          <reporter-output>
          </reporter-output>
        </test-method> <!-- TestCase_1 -->
        <test-method signature="TestCase_2()[pri:0, instance:practice_Automation.My_Second_Testcase@7e057f43]" started-at="2024-05-24T18:34:49 IST" name="TestCase_2" finished-at="2024-05-24T18:34:49 IST" duration-ms="4" status="PASS">
          <reporter-output>
          </reporter-output>
        </test-method> <!-- TestCase_2 -->
      </class> <!-- practice_Automation.My_Second_Testcase -->
    </test> <!-- Test -->
  </suite> <!-- Suite -->
</testng-results>
