<?xml version="1.0" encoding="UTF-8"?>
<!-- Generated by org.testng.reporters.JUnitXMLReporter -->
<testsuite ignored="0" hostname="DESKTOP-7VP6Q59" failures="0" tests="5" name="Test" time="0.102" errors="0" timestamp="2024-05-24T18:34:49 IST">
  <testcase classname="practice_Automation.My_First_Testcase" name="TestCase3" time="0.02"/>
  <testcase classname="practice_Automation.My_First_Testcase" name="TestCase2" time="0.002"/>
  <testcase classname="practice_Automation.My_First_Testcase" name="TestCase5" time="0.003"/>
  <testcase classname="practice_Automation.My_Second_Testcase" name="TestCase_1" time="0.003"/>
  <testcase classname="practice_Automation.My_Second_Testcase" name="TestCase_2" time="0.004"/>
</testsuite> <!-- Test -->
